#
# There is insufficient memory for the Java Runtime Environment to continue.
# Native memory allocation (mmap) failed to map 536870912 bytes for Failed to commit area from 0x0000000601200000 to 0x0000000621200000 of length 536870912.
# Possible reasons:
#   The system is out of physical RAM or swap space
#   The process is running with CompressedOops enabled, and the Java Heap may be blocking the growth of the native heap
# Possible solutions:
#   Reduce memory load on the system
#   Increase physical memory or swap space
#   Check if swap backing store is full
#   Decrease Java heap size (-Xmx/-Xms)
#   Decrease number of Java threads
#   Decrease Java thread stack sizes (-Xss)
#   Set larger code cache with -XX:ReservedCodeCacheSize=
# This output file may be truncated or incomplete.
#
#  Out of Memory Error (./src/hotspot/os/windows/os_windows.cpp:3303), pid=4244, tid=37260
#
# JRE version:  (11.0.9.1+11) (build )
# Java VM: OpenJDK 64-Bit Server VM (11.0.9.1+11-b1145.77, mixed mode, sharing, tiered, compressed oops, g1 gc, windows-amd64)
# No core dump will be written. Minidumps are not enabled by default on client versions of Windows
#

---------------  S U M M A R Y ------------

Command Line: org.jetbrains.git4idea.http.GitAskPassApp Password for 'http://mozhiwei@autotest.cf.com:10101': 

Host: Intel(R) Core(TM) i7-10700KF CPU @ 3.80GHz, 16 cores, 31G,  Windows 10 , 64 bit Build 19041 (10.0.19041.1889)
Time: Wed Aug 24 21:02:41 2022 中国标准时间 elapsed time: 0.017782 seconds (0d 0h 0m 0s)

---------------  T H R E A D  ---------------

Current thread (0x0000016805500800):  JavaThread "Unknown thread" [_thread_in_vm, id=37260, stack(0x0000003cbf700000,0x0000003cbf800000)]

Stack: [0x0000003cbf700000,0x0000003cbf800000]
Native frames: (J=compiled Java code, j=interpreted, Vv=VM code, C=native code)
V  [jvm.dll+0x5edd9a]
V  [jvm.dll+0x7229c5]
V  [jvm.dll+0x723f1d]
V  [jvm.dll+0x7245d3]
V  [jvm.dll+0x2431b8]
V  [jvm.dll+0x5eb234]
V  [jvm.dll+0x5e0325]
V  [jvm.dll+0x2fe60b]
V  [jvm.dll+0x2fe57a]
V  [jvm.dll+0x2fe452]
V  [jvm.dll+0x303346]
V  [jvm.dll+0x34ba83]
V  [jvm.dll+0x34c186]
V  [jvm.dll+0x34bb83]
V  [jvm.dll+0x2d9218]
V  [jvm.dll+0x2da3c7]
V  [jvm.dll+0x701a67]
V  [jvm.dll+0x70325c]
V  [jvm.dll+0x359049]
V  [jvm.dll+0x6e552e]
V  [jvm.dll+0x3c1353]
V  [jvm.dll+0x3c3571]
C  [jli.dll+0x5373]
C  [ucrtbase.dll+0x21bb2]
C  [KERNEL32.DLL+0x17034]
C  [ntdll.dll+0x52651]


---------------  P R O C E S S  ---------------

Threads class SMR info:
_java_thread_list=0x0000016803ac0930, length=0, elements={
}

Java Threads: ( => current thread )

Other Threads:
  0x0000016805518800 GCTaskThread "GC Thread#0" [stack: 0x0000003cbf800000,0x0000003cbf900000] [id=37400]
  0x000001680559a000 ConcurrentGCThread "G1 Main Marker" [stack: 0x0000003cbf900000,0x0000003cbfa00000] [id=49804]
  0x000001680559c800 ConcurrentGCThread "G1 Conc#0" [stack: 0x0000003cbfa00000,0x0000003cbfb00000] [id=48336]

[error occurred during error reporting (printing all threads), id 0xc0000005, EXCEPTION_ACCESS_VIOLATION (0xc0000005) at pc=0x00007ffec7ef9807]

VM state:not at safepoint (not fully initialized)

VM Mutex/Monitor currently owned by a thread:  ([mutex/lock_event])
[0x00000168054fcbb0] Heap_lock - owner thread: 0x0000016805500800

Heap address: 0x0000000601200000, size: 8174 MB, Compressed Oops mode: Non-zero based: 0x0000000601200000
Narrow klass base: 0x0000000000000000, Narrow klass shift: 0

GC Heap History (0 events):
No events

Deoptimization events (0 events):
No events

Classes redefined (0 events):
No events

Internal exceptions (0 events):
No events

Events (1 events):
Event: 0.012 Loaded shared library C:\Program Files\JetBrains\PyCharm 2020.3.3\jbr\bin\zip.dll


Dynamic libraries:
0x00007ff7c5980000 - 0x00007ff7c598a000 	C:\Program Files\JetBrains\PyCharm 2020.3.3\jbr\bin\java.exe
0x00007fff2b210000 - 0x00007fff2b408000 	C:\Windows\SYSTEM32\ntdll.dll
0x00007fff2a610000 - 0x00007fff2a6cd000 	C:\Windows\System32\KERNEL32.DLL
0x00007fff28e80000 - 0x00007fff2914e000 	C:\Windows\System32\KERNELBASE.dll
0x00007fff28d80000 - 0x00007fff28e80000 	C:\Windows\System32\ucrtbase.dll
0x00007fff16fe0000 - 0x00007fff16ff7000 	C:\Program Files\JetBrains\PyCharm 2020.3.3\jbr\bin\VCRUNTIME140.dll
0x00007fff16f60000 - 0x00007fff16f79000 	C:\Program Files\JetBrains\PyCharm 2020.3.3\jbr\bin\jli.dll
0x00007fff2a790000 - 0x00007fff2a930000 	C:\Windows\System32\USER32.dll
0x00007fff28c70000 - 0x00007fff28c92000 	C:\Windows\System32\win32u.dll
0x00007fff2a5d0000 - 0x00007fff2a5fa000 	C:\Windows\System32\GDI32.dll
0x00007fff29150000 - 0x00007fff2925b000 	C:\Windows\System32\gdi32full.dll
0x00007fff28920000 - 0x00007fff289bd000 	C:\Windows\System32\msvcp_win.dll
0x00007fff0f2f0000 - 0x00007fff0f58a000 	C:\Windows\WinSxS\amd64_microsoft.windows.common-controls_6595b64144ccf1df_6.0.19041.1110_none_60b5254171f9507e\COMCTL32.dll
0x00007fff29bb0000 - 0x00007fff29c4e000 	C:\Windows\System32\msvcrt.dll
0x00007fff2a530000 - 0x00007fff2a560000 	C:\Windows\System32\IMM32.DLL
0x00007fff00ce0000 - 0x00007fff00d7d000 	C:\Program Files\JetBrains\PyCharm 2020.3.3\jbr\bin\msvcp140.dll
0x00007ffec7c10000 - 0x00007ffec86de000 	C:\Program Files\JetBrains\PyCharm 2020.3.3\jbr\bin\server\jvm.dll
0x00007fff2a6e0000 - 0x00007fff2a78e000 	C:\Windows\System32\ADVAPI32.dll
0x00007fff295f0000 - 0x00007fff2968c000 	C:\Windows\System32\sechost.dll
0x00007fff2a9d0000 - 0x00007fff2aaf5000 	C:\Windows\System32\RPCRT4.dll
0x00007fff2a6d0000 - 0x00007fff2a6d8000 	C:\Windows\System32\PSAPI.DLL
0x00007fff21460000 - 0x00007fff21469000 	C:\Windows\SYSTEM32\WSOCK32.dll
0x00007fff19fa0000 - 0x00007fff19fc7000 	C:\Windows\SYSTEM32\WINMM.dll
0x00007fff225d0000 - 0x00007fff225da000 	C:\Windows\SYSTEM32\VERSION.dll
0x00007fff29b40000 - 0x00007fff29bab000 	C:\Windows\System32\WS2_32.dll
0x00007fff26840000 - 0x00007fff26852000 	C:\Windows\SYSTEM32\kernel.appcore.dll
0x00007fff14980000 - 0x00007fff14991000 	C:\Program Files\JetBrains\PyCharm 2020.3.3\jbr\bin\verify.dll
0x00007fff14a20000 - 0x00007fff14c04000 	C:\Windows\SYSTEM32\DBGHELP.DLL
0x00007fff149f0000 - 0x00007fff14a1c000 	C:\Windows\SYSTEM32\dbgcore.DLL
0x00007fff28cf0000 - 0x00007fff28d72000 	C:\Windows\System32\bcryptPrimitives.dll
0x00007fff14950000 - 0x00007fff14979000 	C:\Program Files\JetBrains\PyCharm 2020.3.3\jbr\bin\java.dll
0x00007fff21440000 - 0x00007fff2144b000 	C:\Program Files\JetBrains\PyCharm 2020.3.3\jbr\bin\jimage.dll
0x00007fff14930000 - 0x00007fff14948000 	C:\Program Files\JetBrains\PyCharm 2020.3.3\jbr\bin\zip.dll

dbghelp: loaded successfully - version: 4.0.5 - missing functions: none
symbol engine: initialized successfully - sym options: 0x614 - pdb path: .;C:\Program Files\JetBrains\PyCharm 2020.3.3\jbr\bin;C:\Windows\SYSTEM32;C:\Windows\WinSxS\amd64_microsoft.windows.common-controls_6595b64144ccf1df_6.0.19041.1110_none_60b5254171f9507e;C:\Program Files\JetBrains\PyCharm 2020.3.3\jbr\bin\server

VM Arguments:
java_command: org.jetbrains.git4idea.http.GitAskPassApp Password for 'http://mozhiwei@autotest.cf.com:10101': 
java_class_path (initial): C:/Program Files/JetBrains/PyCharm 2020.3.3/plugins/git4idea/lib/git4idea-rt.jar;C:/Program Files/JetBrains/PyCharm 2020.3.3/lib/xmlrpc-2.0.1.jar;C:/Program Files/JetBrains/PyCharm 2020.3.3/lib/commons-codec-1.14.jar
Launcher Type: SUN_STANDARD

[Global flags]
     intx CICompilerCount                          = 12                                        {product} {ergonomic}
     uint ConcGCThreads                            = 3                                         {product} {ergonomic}
     uint G1ConcRefinementThreads                  = 13                                        {product} {ergonomic}
   size_t G1HeapRegionSize                         = 2097152                                   {product} {ergonomic}
    uintx GCDrainStackTargetSize                   = 64                                        {product} {ergonomic}
   size_t InitialHeapSize                          = 536870912                                 {product} {ergonomic}
   size_t MarkStackSize                            = 4194304                                   {product} {ergonomic}
   size_t MaxHeapSize                              = 8571060224                                {product} {ergonomic}
   size_t MinHeapDeltaBytes                        = 2097152                                   {product} {ergonomic}
    uintx NonNMethodCodeHeapSize                   = 7594288                                {pd product} {ergonomic}
    uintx NonProfiledCodeHeapSize                  = 122031976                              {pd product} {ergonomic}
    uintx ProfiledCodeHeapSize                     = 122031976                              {pd product} {ergonomic}
    uintx ReservedCodeCacheSize                    = 251658240                              {pd product} {ergonomic}
     bool SegmentedCodeCache                       = true                                      {product} {ergonomic}
     bool UseCompressedClassPointers               = true                                 {lp64_product} {ergonomic}
     bool UseCompressedOops                        = true                                 {lp64_product} {ergonomic}
     bool UseG1GC                                  = true                                      {product} {ergonomic}
     bool UseLargePagesIndividualAllocation        = false                                  {pd product} {ergonomic}

Logging:
Log output configuration:
 #0: stdout all=warning uptime,level,tags
 #1: stderr all=off uptime,level,tags

Environment Variables:
JAVA_HOME=C:\Program Files\Java\jdk1.8.0_121
CLASSPATH=C:\Program Files\Java\jdk1.8.0_121\lib;C:\Users\admin\Downloads\apache-jmeter-5.4.3\apache-jmeter-5.4.3\lib\ApacheJMeter_core.jar;C:\Users\admin\Downloads\apache-jmeter-5.4.3\apache-jmeter-5.4.3\lib\jorphan.jar;C:\Users\admin\Downloads\apache-jmeter-5.4.3\apache-jmeter-5.4.3\lib/logkit-2.0.jar
PATH=D:\Git\mingw64\libexec\git-core;D:\Git\mingw64\libexec\git-core;D:\Git\mingw64\bin;D:\Git\usr\bin;C:\Users\admin\bin;C:\ProgramData\Oracle\Java\javapath;D:\;C:\Windows\system32;C:\Windows;C:\Windows\System32\Wbem;C:\Windows\System32\WindowsPowerShell\v1.0;C:\Windows\System32\OpenSSH;C:\Program Files\TortoiseSVN\bin;C:\Program Files\Java\jdk1.8.0_121\bin;D:\Git\cmd;D:\allure-2.14.0\bin;D:\chromedriver_win32;D:\autotestenvironment\autospy;D:\autotestenvironment\autospy\Scripts;C:\Program Files (x86)\NVIDIA Corporation\PhysX\Common;C:\Program Files\NVIDIA Corporation\NVIDIA NvDLISR;C:\Users\admin\AppData\Local\Microsoft\WindowsApps;C:\Program Files\JetBrains\PyCharm 2020.3.3\bin;D:\DataGrip 2021.1.3\bin;D:\Fiddler;C:\project\autospy\Scripts;C:\Users\admin\AppData\Local\Turbo\Cmd;C:\Program Files (x86)\Tencent\QQGameTempest\Hall.57795
USERNAME=admin
DISPLAY=:0.0
LC_ALL=en_US.UTF-8
OS=Windows_NT
PROCESSOR_IDENTIFIER=Intel64 Family 6 Model 165 Stepping 5, GenuineIntel



---------------  S Y S T E M  ---------------

OS: Windows 10 , 64 bit Build 19041 (10.0.19041.1889)
OS uptime: 8 days 11:10 hours

CPU:total 16 (initial active 16) (8 cores per cpu, 2 threads per core) family 6 model 165 stepping 5, cmov, cx8, fxsr, mmx, sse, sse2, sse3, ssse3, sse4.1, sse4.2, popcnt, avx, avx2, aes, clmul, erms, 3dnowpref, lzcnt, ht, tsc, tscinvbit, bmi1, bmi2, adx, fma

Memory: 4k page, system-wide physical 32689M (4890M free)
TotalPageFile size 62445M (AvailPageFile size 154M)
current process WorkingSet (physical memory assigned to process): 10M, peak: 10M
current process commit charge ("private bytes"): 71M, peak: 583M

vm_info: OpenJDK 64-Bit Server VM (11.0.9.1+11-b1145.77) for windows-amd64 JRE (11.0.9.1+11-b1145.77), built on Jan 16 2021 05:14:13 by "" with MS VC++ 14.0 (VS2015)

END.
