#
# There is insufficient memory for the Java Runtime Environment to continue.
# Native memory allocation (mmap) failed to map 536870912 bytes for Failed to commit area from 0x0000000601200000 to 0x0000000621200000 of length 536870912.
# Possible reasons:
#   The system is out of physical RAM or swap space
#   The process is running with CompressedOops enabled, and the Java Heap may be blocking the growth of the native heap
# Possible solutions:
#   Reduce memory load on the system
#   Increase physical memory or swap space
#   Check if swap backing store is full
#   Decrease Java heap size (-Xmx/-Xms)
#   Decrease number of Java threads
#   Decrease Java thread stack sizes (-Xss)
#   Set larger code cache with -XX:ReservedCodeCacheSize=
# This output file may be truncated or incomplete.
#
#  Out of Memory Error (./src/hotspot/os/windows/os_windows.cpp:3303), pid=15784, tid=28808
#
# JRE version:  (11.0.9.1+11) (build )
# Java VM: OpenJDK 64-Bit Server VM (11.0.9.1+11-b1145.77, mixed mode, sharing, tiered, compressed oops, g1 gc, windows-amd64)
# No core dump will be written. Minidumps are not enabled by default on client versions of Windows
#

---------------  S U M M A R Y ------------

Command Line: org.jetbrains.git4idea.http.GitAskPassApp Password for 'http://mozhiwei@autotest.cf.com:10101': 

Host: Intel(R) Core(TM) i7-10700KF CPU @ 3.80GHz, 16 cores, 31G,  Windows 10 , 64 bit Build 19041 (10.0.19041.1741)
Time: Mon Jul 11 08:40:18 2022 中国标准时间 elapsed time: 0.014634 seconds (0d 0h 0m 0s)

---------------  T H R E A D  ---------------

Current thread (0x000001b2cdf71000):  JavaThread "Unknown thread" [_thread_in_vm, id=28808, stack(0x000000321f600000,0x000000321f700000)]

Stack: [0x000000321f600000,0x000000321f700000]
Native frames: (J=compiled Java code, j=interpreted, Vv=VM code, C=native code)
V  [jvm.dll+0x5edd9a]
V  [jvm.dll+0x7229c5]
V  [jvm.dll+0x723f1d]
V  [jvm.dll+0x7245d3]
V  [jvm.dll+0x2431b8]
V  [jvm.dll+0x5eb234]
V  [jvm.dll+0x5e0325]
V  [jvm.dll+0x2fe60b]
V  [jvm.dll+0x2fe57a]
V  [jvm.dll+0x2fe452]
V  [jvm.dll+0x303346]
V  [jvm.dll+0x34ba83]
V  [jvm.dll+0x34c186]
V  [jvm.dll+0x34bb83]
V  [jvm.dll+0x2d9218]
V  [jvm.dll+0x2da3c7]
V  [jvm.dll+0x701a67]
V  [jvm.dll+0x70325c]
V  [jvm.dll+0x359049]
V  [jvm.dll+0x6e552e]
V  [jvm.dll+0x3c1353]
V  [jvm.dll+0x3c3571]
C  [jli.dll+0x5373]
C  [ucrtbase.dll+0x21bb2]
C  [KERNEL32.DLL+0x17034]
C  [ntdll.dll+0x52651]


---------------  P R O C E S S  ---------------

Threads class SMR info:
_java_thread_list=0x000001b2cbd23520, length=0, elements={
}

Java Threads: ( => current thread )

Other Threads:
  0x000001b2cdf88800 GCTaskThread "GC Thread#0" [stack: 0x000000321f700000,0x000000321f800000] [id=8580]
  0x000001b2ce00a000 ConcurrentGCThread "G1 Main Marker" [stack: 0x000000321f800000,0x000000321f900000] [id=34720]
  0x000001b2ce00c800 ConcurrentGCThread "G1 Conc#0" [stack: 0x000000321f900000,0x000000321fa00000] [id=18180]

[error occurred during error reporting (printing all threads), id 0xc0000005, EXCEPTION_ACCESS_VIOLATION (0xc0000005) at pc=0x00007ffd118a9807]

VM state:not at safepoint (not fully initialized)

VM Mutex/Monitor currently owned by a thread:  ([mutex/lock_event])
[0x000001b2cdf6e260] Heap_lock - owner thread: 0x000001b2cdf71000

Heap address: 0x0000000601200000, size: 8174 MB, Compressed Oops mode: Non-zero based: 0x0000000601200000
Narrow klass base: 0x0000000000000000, Narrow klass shift: 0

GC Heap History (0 events):
No events

Deoptimization events (0 events):
No events

Classes redefined (0 events):
No events

Internal exceptions (0 events):
No events

Events (1 events):
Event: 0.009 Loaded shared library C:\Program Files\JetBrains\PyCharm 2020.3.3\jbr\bin\zip.dll


Dynamic libraries:
0x00007ff690b90000 - 0x00007ff690b9a000 	C:\Program Files\JetBrains\PyCharm 2020.3.3\jbr\bin\java.exe
0x00007ffd5a7f0000 - 0x00007ffd5a9e7000 	C:\Windows\SYSTEM32\ntdll.dll
0x00007ffd59cc0000 - 0x00007ffd59d7d000 	C:\Windows\System32\KERNEL32.DLL
0x00007ffd57f00000 - 0x00007ffd581cd000 	C:\Windows\System32\KERNELBASE.dll
0x00007ffd58330000 - 0x00007ffd58430000 	C:\Windows\System32\ucrtbase.dll
0x00007ffd47200000 - 0x00007ffd47217000 	C:\Program Files\JetBrains\PyCharm 2020.3.3\jbr\bin\VCRUNTIME140.dll
0x00007ffd45ea0000 - 0x00007ffd45eb9000 	C:\Program Files\JetBrains\PyCharm 2020.3.3\jbr\bin\jli.dll
0x00007ffd58ce0000 - 0x00007ffd58e80000 	C:\Windows\System32\USER32.dll
0x00007ffd58430000 - 0x00007ffd58452000 	C:\Windows\System32\win32u.dll
0x00007ffd58ee0000 - 0x00007ffd58f0a000 	C:\Windows\System32\GDI32.dll
0x00007ffd58460000 - 0x00007ffd5856b000 	C:\Windows\System32\gdi32full.dll
0x00007ffd447b0000 - 0x00007ffd44a4a000 	C:\Windows\WinSxS\amd64_microsoft.windows.common-controls_6595b64144ccf1df_6.0.19041.1110_none_60b5254171f9507e\COMCTL32.dll
0x00007ffd58570000 - 0x00007ffd5860d000 	C:\Windows\System32\msvcp_win.dll
0x00007ffd58f10000 - 0x00007ffd58fae000 	C:\Windows\System32\msvcrt.dll
0x00007ffd596d0000 - 0x00007ffd59700000 	C:\Windows\System32\IMM32.DLL
0x00007ffd45e00000 - 0x00007ffd45e9d000 	C:\Program Files\JetBrains\PyCharm 2020.3.3\jbr\bin\msvcp140.dll
0x00007ffd115c0000 - 0x00007ffd1208e000 	C:\Program Files\JetBrains\PyCharm 2020.3.3\jbr\bin\server\jvm.dll
0x00007ffd58fb0000 - 0x00007ffd5905e000 	C:\Windows\System32\ADVAPI32.dll
0x00007ffd597d0000 - 0x00007ffd5986c000 	C:\Windows\System32\sechost.dll
0x00007ffd59060000 - 0x00007ffd59185000 	C:\Windows\System32\RPCRT4.dll
0x00007ffd58ba0000 - 0x00007ffd58ba8000 	C:\Windows\System32\PSAPI.DLL
0x00007ffd53910000 - 0x00007ffd53919000 	C:\Windows\SYSTEM32\WSOCK32.dll
0x00007ffd4d0b0000 - 0x00007ffd4d0d7000 	C:\Windows\SYSTEM32\WINMM.dll
0x00007ffd505f0000 - 0x00007ffd505fa000 	C:\Windows\SYSTEM32\VERSION.dll
0x00007ffd59eb0000 - 0x00007ffd59f1b000 	C:\Windows\System32\WS2_32.dll
0x00007ffd55d40000 - 0x00007ffd55d52000 	C:\Windows\SYSTEM32\kernel.appcore.dll
0x00007ffd48620000 - 0x00007ffd48631000 	C:\Program Files\JetBrains\PyCharm 2020.3.3\jbr\bin\verify.dll
0x00007ffd4b8e0000 - 0x00007ffd4bac4000 	C:\Windows\SYSTEM32\DBGHELP.DLL
0x00007ffd4b8b0000 - 0x00007ffd4b8dc000 	C:\Windows\SYSTEM32\dbgcore.DLL
0x00007ffd58780000 - 0x00007ffd58802000 	C:\Windows\System32\bcryptPrimitives.dll
0x00007ffd47170000 - 0x00007ffd47199000 	C:\Program Files\JetBrains\PyCharm 2020.3.3\jbr\bin\java.dll
0x00007ffd47150000 - 0x00007ffd4715b000 	C:\Program Files\JetBrains\PyCharm 2020.3.3\jbr\bin\jimage.dll
0x00007ffd41710000 - 0x00007ffd41728000 	C:\Program Files\JetBrains\PyCharm 2020.3.3\jbr\bin\zip.dll

dbghelp: loaded successfully - version: 4.0.5 - missing functions: none
symbol engine: initialized successfully - sym options: 0x614 - pdb path: .;C:\Program Files\JetBrains\PyCharm 2020.3.3\jbr\bin;C:\Windows\SYSTEM32;C:\Windows\WinSxS\amd64_microsoft.windows.common-controls_6595b64144ccf1df_6.0.19041.1110_none_60b5254171f9507e;C:\Program Files\JetBrains\PyCharm 2020.3.3\jbr\bin\server

VM Arguments:
java_command: org.jetbrains.git4idea.http.GitAskPassApp Password for 'http://mozhiwei@autotest.cf.com:10101': 
java_class_path (initial): C:/Program Files/JetBrains/PyCharm 2020.3.3/plugins/git4idea/lib/git4idea-rt.jar;C:/Program Files/JetBrains/PyCharm 2020.3.3/lib/xmlrpc-2.0.1.jar;C:/Program Files/JetBrains/PyCharm 2020.3.3/lib/commons-codec-1.14.jar
Launcher Type: SUN_STANDARD

[Global flags]
     intx CICompilerCount                          = 12                                        {product} {ergonomic}
     uint ConcGCThreads                            = 3                                         {product} {ergonomic}
     uint G1ConcRefinementThreads                  = 13                                        {product} {ergonomic}
   size_t G1HeapRegionSize                         = 2097152                                   {product} {ergonomic}
    uintx GCDrainStackTargetSize                   = 64                                        {product} {ergonomic}
   size_t InitialHeapSize                          = 536870912                                 {product} {ergonomic}
   size_t MarkStackSize                            = 4194304                                   {product} {ergonomic}
   size_t MaxHeapSize                              = 8571060224                                {product} {ergonomic}
   size_t MinHeapDeltaBytes                        = 2097152                                   {product} {ergonomic}
    uintx NonNMethodCodeHeapSize                   = 7594288                                {pd product} {ergonomic}
    uintx NonProfiledCodeHeapSize                  = 122031976                              {pd product} {ergonomic}
    uintx ProfiledCodeHeapSize                     = 122031976                              {pd product} {ergonomic}
    uintx ReservedCodeCacheSize                    = 251658240                              {pd product} {ergonomic}
     bool SegmentedCodeCache                       = true                                      {product} {ergonomic}
     bool UseCompressedClassPointers               = true                                 {lp64_product} {ergonomic}
     bool UseCompressedOops                        = true                                 {lp64_product} {ergonomic}
     bool UseG1GC                                  = true                                      {product} {ergonomic}
     bool UseLargePagesIndividualAllocation        = false                                  {pd product} {ergonomic}

Logging:
Log output configuration:
 #0: stdout all=warning uptime,level,tags
 #1: stderr all=off uptime,level,tags

Environment Variables:
JAVA_HOME=C:\Program Files\Java\jdk1.8.0_121
CLASSPATH=C:\Program Files\Java\jdk1.8.0_121\lib;C:\Users\admin\Downloads\apache-jmeter-5.4.3\apache-jmeter-5.4.3\lib\ApacheJMeter_core.jar;C:\Users\admin\Downloads\apache-jmeter-5.4.3\apache-jmeter-5.4.3\lib\jorphan.jar;C:\Users\admin\Downloads\apache-jmeter-5.4.3\apache-jmeter-5.4.3\lib/logkit-2.0.jar
PATH=D:\Git\mingw64\libexec\git-core;D:\Git\mingw64\libexec\git-core;D:\Git\mingw64\bin;D:\Git\usr\bin;C:\Users\admin\bin;C:\ProgramData\Oracle\Java\javapath;D:\;C:\Windows\system32;C:\Windows;C:\Windows\System32\Wbem;C:\Windows\System32\WindowsPowerShell\v1.0;C:\Windows\System32\OpenSSH;C:\Program Files\TortoiseSVN\bin;C:\Program Files\Java\jdk1.8.0_121\bin;D:\Git\cmd;D:\allure-2.14.0\bin;D:\chromedriver_win32;D:\autotestenvironment\autospy;D:\autotestenvironment\autospy\Scripts;C:\Users\admin\AppData\Local\Microsoft\WindowsApps;C:\Program Files\JetBrains\PyCharm 2020.3.3\bin;D:\DataGrip 2021.1.3\bin;D:\Fiddler;C:\project\autospy\Scripts;C:\Users\admin\AppData\Local\Turbo\Cmd
USERNAME=admin
DISPLAY=:0.0
LC_ALL=en_US.UTF-8
OS=Windows_NT
PROCESSOR_IDENTIFIER=Intel64 Family 6 Model 165 Stepping 5, GenuineIntel



---------------  S Y S T E M  ---------------

OS: Windows 10 , 64 bit Build 19041 (10.0.19041.1741)
OS uptime: 6 days 13:07 hours

CPU:total 16 (initial active 16) (8 cores per cpu, 2 threads per core) family 6 model 165 stepping 5, cmov, cx8, fxsr, mmx, sse, sse2, sse3, ssse3, sse4.1, sse4.2, popcnt, avx, avx2, aes, clmul, erms, 3dnowpref, lzcnt, ht, tsc, tscinvbit, bmi1, bmi2, adx, fma

Memory: 4k page, system-wide physical 32689M (3133M free)
TotalPageFile size 62445M (AvailPageFile size 86M)
current process WorkingSet (physical memory assigned to process): 10M, peak: 10M
current process commit charge ("private bytes"): 71M, peak: 583M

vm_info: OpenJDK 64-Bit Server VM (11.0.9.1+11-b1145.77) for windows-amd64 JRE (11.0.9.1+11-b1145.77), built on Jan 16 2021 05:14:13 by "" with MS VC++ 14.0 (VS2015)

END.
