#
# There is insufficient memory for the Java Runtime Environment to continue.
# Native memory allocation (mmap) failed to map 536870912 bytes for Failed to commit area from 0x0000000601200000 to 0x0000000621200000 of length 536870912.
# Possible reasons:
#   The system is out of physical RAM or swap space
#   The process is running with CompressedOops enabled, and the Java Heap may be blocking the growth of the native heap
# Possible solutions:
#   Reduce memory load on the system
#   Increase physical memory or swap space
#   Check if swap backing store is full
#   Decrease Java heap size (-Xmx/-Xms)
#   Decrease number of Java threads
#   Decrease Java thread stack sizes (-Xss)
#   Set larger code cache with -XX:ReservedCodeCacheSize=
# This output file may be truncated or incomplete.
#
#  Out of Memory Error (./src/hotspot/os/windows/os_windows.cpp:3303), pid=8288, tid=1744
#
# JRE version:  (11.0.9.1+11) (build )
# Java VM: OpenJDK 64-Bit Server VM (11.0.9.1+11-b1145.77, mixed mode, sharing, tiered, compressed oops, g1 gc, windows-amd64)
# No core dump will be written. Minidumps are not enabled by default on client versions of Windows
#

---------------  S U M M A R Y ------------

Command Line: org.jetbrains.git4idea.http.GitAskPassApp Password for 'http://mozhiwei@autotest.cf.com:10101': 

Host: Intel(R) Core(TM) i7-10700KF CPU @ 3.80GHz, 16 cores, 31G,  Windows 10 , 64 bit Build 19041 (10.0.19041.1889)
Time: Wed Nov  2 22:58:19 2022 中国标准时间 elapsed time: 0.014313 seconds (0d 0h 0m 0s)

---------------  T H R E A D  ---------------

Current thread (0x00000268e2570800):  JavaThread "Unknown thread" [_thread_in_vm, id=1744, stack(0x000000dbaec00000,0x000000dbaed00000)]

Stack: [0x000000dbaec00000,0x000000dbaed00000]
Native frames: (J=compiled Java code, j=interpreted, Vv=VM code, C=native code)
V  [jvm.dll+0x5edd9a]
V  [jvm.dll+0x7229c5]
V  [jvm.dll+0x723f1d]
V  [jvm.dll+0x7245d3]
V  [jvm.dll+0x2431b8]
V  [jvm.dll+0x5eb234]
V  [jvm.dll+0x5e0325]
V  [jvm.dll+0x2fe60b]
V  [jvm.dll+0x2fe57a]
V  [jvm.dll+0x2fe452]
V  [jvm.dll+0x303346]
V  [jvm.dll+0x34ba83]
V  [jvm.dll+0x34c186]
V  [jvm.dll+0x34bb83]
V  [jvm.dll+0x2d9218]
V  [jvm.dll+0x2da3c7]
V  [jvm.dll+0x701a67]
V  [jvm.dll+0x70325c]
V  [jvm.dll+0x359049]
V  [jvm.dll+0x6e552e]
V  [jvm.dll+0x3c1353]
V  [jvm.dll+0x3c3571]
C  [jli.dll+0x5373]
C  [ucrtbase.dll+0x21bb2]
C  [KERNEL32.DLL+0x17034]
C  [ntdll.dll+0x526a1]


---------------  P R O C E S S  ---------------

Threads class SMR info:
_java_thread_list=0x00000268e0b70d40, length=0, elements={
}

Java Threads: ( => current thread )

Other Threads:
  0x00000268e2588800 GCTaskThread "GC Thread#0" [stack: 0x000000dbaed00000,0x000000dbaee00000] [id=12512]
  0x00000268e260a800 ConcurrentGCThread "G1 Main Marker" [stack: 0x000000dbaee00000,0x000000dbaef00000] [id=18204]
  0x00000268e260d000 ConcurrentGCThread "G1 Conc#0" [stack: 0x000000dbaef00000,0x000000dbaf000000] [id=564]

[error occurred during error reporting (printing all threads), id 0xc0000005, EXCEPTION_ACCESS_VIOLATION (0xc0000005) at pc=0x00007ffb3a069807]

VM state:not at safepoint (not fully initialized)

VM Mutex/Monitor currently owned by a thread:  ([mutex/lock_event])
[0x00000268e256df30] Heap_lock - owner thread: 0x00000268e2570800

Heap address: 0x0000000601200000, size: 8174 MB, Compressed Oops mode: Non-zero based: 0x0000000601200000
Narrow klass base: 0x0000000000000000, Narrow klass shift: 0

GC Heap History (0 events):
No events

Deoptimization events (0 events):
No events

Classes redefined (0 events):
No events

Internal exceptions (0 events):
No events

Events (1 events):
Event: 0.009 Loaded shared library C:\Program Files\JetBrains\PyCharm 2020.3.3\jbr\bin\zip.dll


Dynamic libraries:
0x00007ff7081d0000 - 0x00007ff7081da000 	C:\Program Files\JetBrains\PyCharm 2020.3.3\jbr\bin\java.exe
0x00007ffb6a2b0000 - 0x00007ffb6a4a8000 	C:\Windows\SYSTEM32\ntdll.dll
0x00007ffb69030000 - 0x00007ffb690ed000 	C:\Windows\System32\KERNEL32.DLL
0x00007ffb67ef0000 - 0x00007ffb681c2000 	C:\Windows\System32\KERNELBASE.dll
0x00007ffb67bf0000 - 0x00007ffb67cf0000 	C:\Windows\System32\ucrtbase.dll
0x00007ffb52c40000 - 0x00007ffb52c59000 	C:\Program Files\JetBrains\PyCharm 2020.3.3\jbr\bin\jli.dll
0x00007ffb523f0000 - 0x00007ffb52407000 	C:\Program Files\JetBrains\PyCharm 2020.3.3\jbr\bin\VCRUNTIME140.dll
0x00007ffb69110000 - 0x00007ffb692ad000 	C:\Windows\System32\USER32.dll
0x00007ffb67b50000 - 0x00007ffb67b72000 	C:\Windows\System32\win32u.dll
0x00007ffb69500000 - 0x00007ffb6952b000 	C:\Windows\System32\GDI32.dll
0x00007ffb679b0000 - 0x00007ffb67abf000 	C:\Windows\System32\gdi32full.dll
0x00007ffb67cf0000 - 0x00007ffb67d8d000 	C:\Windows\System32\msvcp_win.dll
0x00007ffb52660000 - 0x00007ffb528fa000 	C:\Windows\WinSxS\amd64_microsoft.windows.common-controls_6595b64144ccf1df_6.0.19041.1110_none_60b5254171f9507e\COMCTL32.dll
0x00007ffb69720000 - 0x00007ffb697be000 	C:\Windows\System32\msvcrt.dll
0x00007ffb6a230000 - 0x00007ffb6a260000 	C:\Windows\System32\IMM32.DLL
0x00007ffb42240000 - 0x00007ffb422dd000 	C:\Program Files\JetBrains\PyCharm 2020.3.3\jbr\bin\msvcp140.dll
0x00007ffb39d80000 - 0x00007ffb3a84e000 	C:\Program Files\JetBrains\PyCharm 2020.3.3\jbr\bin\server\jvm.dll
0x00007ffb69440000 - 0x00007ffb694ee000 	C:\Windows\System32\ADVAPI32.dll
0x00007ffb69d80000 - 0x00007ffb69e1c000 	C:\Windows\System32\sechost.dll
0x00007ffb692b0000 - 0x00007ffb693d5000 	C:\Windows\System32\RPCRT4.dll
0x00007ffb69820000 - 0x00007ffb69828000 	C:\Windows\System32\PSAPI.DLL
0x00007ffb63570000 - 0x00007ffb63579000 	C:\Windows\SYSTEM32\WSOCK32.dll
0x00007ffb58540000 - 0x00007ffb58567000 	C:\Windows\SYSTEM32\WINMM.dll
0x00007ffb5eba0000 - 0x00007ffb5ebaa000 	C:\Windows\SYSTEM32\VERSION.dll
0x00007ffb69d10000 - 0x00007ffb69d7b000 	C:\Windows\System32\WS2_32.dll
0x00007ffb65890000 - 0x00007ffb658a2000 	C:\Windows\SYSTEM32\kernel.appcore.dll
0x00007ffb63550000 - 0x00007ffb63561000 	C:\Program Files\JetBrains\PyCharm 2020.3.3\jbr\bin\verify.dll
0x00007ffb52940000 - 0x00007ffb52b24000 	C:\Windows\SYSTEM32\DBGHELP.DLL
0x00007ffb52fa0000 - 0x00007ffb52fcc000 	C:\Windows\SYSTEM32\dbgcore.DLL
0x00007ffb67ac0000 - 0x00007ffb67b42000 	C:\Windows\System32\bcryptPrimitives.dll
0x00007ffb56750000 - 0x00007ffb56779000 	C:\Program Files\JetBrains\PyCharm 2020.3.3\jbr\bin\java.dll
0x00007ffb63540000 - 0x00007ffb6354b000 	C:\Program Files\JetBrains\PyCharm 2020.3.3\jbr\bin\jimage.dll
0x00007ffb604e0000 - 0x00007ffb604f8000 	C:\Program Files\JetBrains\PyCharm 2020.3.3\jbr\bin\zip.dll

dbghelp: loaded successfully - version: 4.0.5 - missing functions: none
symbol engine: initialized successfully - sym options: 0x614 - pdb path: .;C:\Program Files\JetBrains\PyCharm 2020.3.3\jbr\bin;C:\Windows\SYSTEM32;C:\Windows\WinSxS\amd64_microsoft.windows.common-controls_6595b64144ccf1df_6.0.19041.1110_none_60b5254171f9507e;C:\Program Files\JetBrains\PyCharm 2020.3.3\jbr\bin\server

VM Arguments:
java_command: org.jetbrains.git4idea.http.GitAskPassApp Password for 'http://mozhiwei@autotest.cf.com:10101': 
java_class_path (initial): C:/Program Files/JetBrains/PyCharm 2020.3.3/plugins/git4idea/lib/git4idea-rt.jar;C:/Program Files/JetBrains/PyCharm 2020.3.3/lib/xmlrpc-2.0.1.jar;C:/Program Files/JetBrains/PyCharm 2020.3.3/lib/commons-codec-1.14.jar
Launcher Type: SUN_STANDARD

[Global flags]
     intx CICompilerCount                          = 12                                        {product} {ergonomic}
     uint ConcGCThreads                            = 3                                         {product} {ergonomic}
     uint G1ConcRefinementThreads                  = 13                                        {product} {ergonomic}
   size_t G1HeapRegionSize                         = 2097152                                   {product} {ergonomic}
    uintx GCDrainStackTargetSize                   = 64                                        {product} {ergonomic}
   size_t InitialHeapSize                          = 536870912                                 {product} {ergonomic}
   size_t MarkStackSize                            = 4194304                                   {product} {ergonomic}
   size_t MaxHeapSize                              = 8571060224                                {product} {ergonomic}
   size_t MinHeapDeltaBytes                        = 2097152                                   {product} {ergonomic}
    uintx NonNMethodCodeHeapSize                   = 7594288                                {pd product} {ergonomic}
    uintx NonProfiledCodeHeapSize                  = 122031976                              {pd product} {ergonomic}
    uintx ProfiledCodeHeapSize                     = 122031976                              {pd product} {ergonomic}
    uintx ReservedCodeCacheSize                    = 251658240                              {pd product} {ergonomic}
     bool SegmentedCodeCache                       = true                                      {product} {ergonomic}
     bool UseCompressedClassPointers               = true                                 {lp64_product} {ergonomic}
     bool UseCompressedOops                        = true                                 {lp64_product} {ergonomic}
     bool UseG1GC                                  = true                                      {product} {ergonomic}
     bool UseLargePagesIndividualAllocation        = false                                  {pd product} {ergonomic}

Logging:
Log output configuration:
 #0: stdout all=warning uptime,level,tags
 #1: stderr all=off uptime,level,tags

Environment Variables:
JAVA_HOME=C:\Program Files\Java\jdk1.8.0_121
CLASSPATH=C:\Program Files\Java\jdk1.8.0_121\lib;C:\Users\admin\Downloads\apache-jmeter-5.4.3\apache-jmeter-5.4.3\lib\ApacheJMeter_core.jar;C:\Users\admin\Downloads\apache-jmeter-5.4.3\apache-jmeter-5.4.3\lib\jorphan.jar;C:\Users\admin\Downloads\apache-jmeter-5.4.3\apache-jmeter-5.4.3\lib/logkit-2.0.jar
PATH=D:\Git\mingw64\libexec\git-core;D:\Git\mingw64\libexec\git-core;D:\Git\mingw64\bin;D:\Git\usr\bin;C:\Users\admin\bin;C:\Program Files (x86)\VMware\VMware Workstation\bin;C:\ProgramData\Oracle\Java\javapath;C:\Windows\system32;C:\Windows;C:\Windows\System32\Wbem;C:\Windows\System32\WindowsPowerShell\v1.0;C:\Windows\System32\OpenSSH;C:\Program Files\TortoiseSVN\bin;C:\Program Files\Java\jdk1.8.0_121\bin;D:\Git\cmd;D:\allure-2.14.0\bin;D:\chromedriver_win32;D:\autotestenvironment\autospy;D:\autotestenvironment\autospy\Scripts;C:\Program Files (x86)\NVIDIA Corporation\PhysX\Common;C:\Program Files\NVIDIA Corporation\NVIDIA NvDLISR;D:\;C:\Users\admin\AppData\Local\Microsoft\WindowsApps;C:\Program Files\JetBrains\PyCharm 2020.3.3\bin;D:\DataGrip 2021.1.3\bin;D:\Fiddler;C:\project\autospy\Scripts;C:\Users\admin\AppData\Local\Turbo\Cmd;C:\Program Files (x86)\Tencent\QQGameTempest\Hall.57795
USERNAME=admin
DISPLAY=:0.0
LC_ALL=en_US.UTF-8
OS=Windows_NT
PROCESSOR_IDENTIFIER=Intel64 Family 6 Model 165 Stepping 5, GenuineIntel



---------------  S Y S T E M  ---------------

OS: Windows 10 , 64 bit Build 19041 (10.0.19041.1889)
OS uptime: 2 days 7:08 hours

CPU:total 16 (initial active 16) (8 cores per cpu, 2 threads per core) family 6 model 165 stepping 5, cmov, cx8, fxsr, mmx, sse, sse2, sse3, ssse3, sse4.1, sse4.2, popcnt, avx, avx2, aes, clmul, erms, 3dnowpref, lzcnt, ht, tsc, tscinvbit, bmi1, bmi2, adx, fma

Memory: 4k page, system-wide physical 32689M (20712M free)
TotalPageFile size 62445M (AvailPageFile size 441M)
current process WorkingSet (physical memory assigned to process): 10M, peak: 10M
current process commit charge ("private bytes"): 71M, peak: 583M

vm_info: OpenJDK 64-Bit Server VM (11.0.9.1+11-b1145.77) for windows-amd64 JRE (11.0.9.1+11-b1145.77), built on Jan 16 2021 05:14:13 by "" with MS VC++ 14.0 (VS2015)

END.
